[2025-01-05 12:44:51.222] [info] Trading strategy updated to: 0
[2025-01-05 12:44:51.223] [info] Risk level updated to: 2
[2025-01-05 12:44:53.845] [info] Starting automated trading with 0 strategy
[2025-01-05 12:44:54.037] [info] Insufficient price history. Current size: 1
[2025-01-05 12:44:54.037] [info] Price Update - Bid: 98355, Ask: 98362, Mid: 98358.5
[2025-01-05 12:44:54.037] [info] Price History Size: 1
[2025-01-05 12:44:54.663] [info] Insufficient price history. Current size: 2
[2025-01-05 12:44:54.663] [info] Price Update - Bid: 98355, Ask: 98362, Mid: 98358.5
[2025-01-05 12:44:54.663] [info] Price History Size: 2
[2025-01-05 12:44:55.267] [info] Insufficient price history. Current size: 3
[2025-01-05 12:44:55.267] [info] Price Update - Bid: 98355, Ask: 98362, Mid: 98358.5
[2025-01-05 12:44:55.267] [info] Price History Size: 3
[2025-01-05 12:44:55.814] [info] Insufficient price history. Current size: 4
[2025-01-05 12:44:55.814] [info] Price Update - Bid: 98355, Ask: 98362, Mid: 98358.5
[2025-01-05 12:44:55.814] [info] Price History Size: 4
[2025-01-05 12:44:56.461] [info] Insufficient price history. Current size: 5
[2025-01-05 12:44:56.461] [info] Price Update - Bid: 98355, Ask: 98362, Mid: 98358.5
[2025-01-05 12:44:56.461] [info] Price History Size: 5
[2025-01-05 12:44:56.999] [info] Insufficient price history. Current size: 6
[2025-01-05 12:44:56.999] [info] Price Update - Bid: 98355, Ask: 98362, Mid: 98358.5
[2025-01-05 12:44:56.999] [info] Price History Size: 6
[2025-01-05 12:44:57.587] [info] Insufficient price history. Current size: 7
[2025-01-05 12:44:57.587] [info] Price Update - Bid: 98355, Ask: 98362, Mid: 98358.5
[2025-01-05 12:44:57.587] [info] Price History Size: 7
[2025-01-05 12:44:58.145] [info] Insufficient price history. Current size: 8
[2025-01-05 12:44:58.145] [info] Price Update - Bid: 98355, Ask: 98362, Mid: 98358.5
[2025-01-05 12:44:58.145] [info] Price History Size: 8
[2025-01-05 12:44:58.713] [info] Insufficient price history. Current size: 9
[2025-01-05 12:44:58.713] [info] Price Update - Bid: 98365, Ask: 98373, Mid: 98369
[2025-01-05 12:44:58.713] [info] Price History Size: 9
[2025-01-05 12:44:58.850] [warning] Insufficient price history. Defaulting to buy direction.
[2025-01-05 12:44:58.850] [warning] Insufficient price history. Using default order size.
[2025-01-05 12:44:59.317] [info] Current RSI: 50
[2025-01-05 12:44:59.317] [info] Price Update - Bid: 98365, Ask: 98373, Mid: 98369
[2025-01-05 12:44:59.317] [info] Price History Size: 10
[2025-01-05 12:44:59.775] [error] Error placing initial order: Limit order price must be positive
[2025-01-05 12:44:59.952] [info] Current RSI: 50
[2025-01-05 12:44:59.952] [info] Price Update - Bid: 98365, Ask: 98373, Mid: 98369
[2025-01-05 12:44:59.952] [info] Price History Size: 10
[2025-01-05 12:45:00.517] [info] Current RSI: 50
[2025-01-05 12:45:00.517] [info] Price Update - Bid: 98365, Ask: 98373, Mid: 98369
[2025-01-05 12:45:00.517] [info] Price History Size: 10
[2025-01-05 12:45:01.048] [info] Current RSI: 50
[2025-01-05 12:45:01.048] [info] Price Update - Bid: 98355, Ask: 98373, Mid: 98364
[2025-01-05 12:45:01.048] [info] Price History Size: 10
[2025-01-05 12:45:01.937] [info] Current RSI: 50
[2025-01-05 12:45:01.937] [info] Price Update - Bid: 98355, Ask: 98373, Mid: 98364
[2025-01-05 12:45:01.937] [info] Price History Size: 10
[2025-01-05 12:45:02.508] [info] Current RSI: 50
[2025-01-05 12:45:02.508] [info] Price Update - Bid: 98355, Ask: 98373, Mid: 98364
[2025-01-05 12:45:02.508] [info] Price History Size: 10
[2025-01-05 12:45:03.137] [info] Current RSI: 50
[2025-01-05 12:45:03.137] [info] Price Update - Bid: 98355, Ask: 98373, Mid: 98364
[2025-01-05 12:45:03.137] [info] Price History Size: 10
[2025-01-05 12:45:03.709] [info] Current RSI: 50
[2025-01-05 12:45:03.709] [info] Price Update - Bid: 98355, Ask: 98373, Mid: 98364
[2025-01-05 12:45:03.709] [info] Price History Size: 10
[2025-01-05 12:45:04.248] [info] Current RSI: 50
[2025-01-05 12:45:04.248] [info] Price Update - Bid: 98355, Ask: 98373, Mid: 98364
[2025-01-05 12:45:04.248] [info] Price History Size: 10
[2025-01-05 12:45:04.874] [info] Current RSI: 50
[2025-01-05 12:45:04.874] [info] Price Update - Bid: 98355, Ask: 98373, Mid: 98364
[2025-01-05 12:45:04.874] [info] Price History Size: 10
[2025-01-05 12:45:05.480] [info] Current RSI: 50
[2025-01-05 12:45:05.480] [info] Price Update - Bid: 98355, Ask: 98373, Mid: 98364
[2025-01-05 12:45:05.480] [info] Price History Size: 10
[2025-01-05 12:45:06.367] [info] Current RSI: 50
[2025-01-05 12:45:06.367] [info] Price Update - Bid: 98355, Ask: 98373, Mid: 98364
[2025-01-05 12:45:06.367] [info] Price History Size: 10
[2025-01-05 12:45:06.975] [info] Current RSI: 50
[2025-01-05 12:45:06.975] [info] Price Update - Bid: 98355, Ask: 98373, Mid: 98364
[2025-01-05 12:45:06.975] [info] Price History Size: 10
[2025-01-05 12:45:07.571] [info] Current RSI: 50
[2025-01-05 12:45:07.571] [info] Price Update - Bid: 98355, Ask: 98373, Mid: 98364
[2025-01-05 12:45:07.571] [info] Price History Size: 10
[2025-01-05 12:45:08.173] [info] Current RSI: 50
[2025-01-05 12:45:08.173] [info] Price Update - Bid: 98355, Ask: 98373, Mid: 98364
[2025-01-05 12:45:08.173] [info] Price History Size: 10
[2025-01-05 12:45:08.785] [info] Current RSI: 50
[2025-01-05 12:45:08.785] [info] Price Update - Bid: 98355, Ask: 98373, Mid: 98364
[2025-01-05 12:45:08.785] [info] Price History Size: 10
[2025-01-05 12:45:09.362] [info] Current RSI: 50
[2025-01-05 12:45:09.362] [info] Price Update - Bid: 98355, Ask: 98373, Mid: 98364
[2025-01-05 12:45:09.362] [info] Price History Size: 10
[2025-01-05 12:45:09.945] [info] Current RSI: 50
[2025-01-05 12:45:09.945] [info] Price Update - Bid: 98355, Ask: 98373, Mid: 98364
[2025-01-05 12:45:09.945] [info] Price History Size: 10
[2025-01-05 12:45:10.528] [info] Current RSI: 50
[2025-01-05 12:45:10.528] [info] Price Update - Bid: 98355, Ask: 98373, Mid: 98364
[2025-01-05 12:45:10.528] [info] Price History Size: 10
[2025-01-05 12:45:11.142] [info] Current RSI: 50
[2025-01-05 12:45:11.142] [info] Price Update - Bid: 98355, Ask: 98373, Mid: 98364
[2025-01-05 12:45:11.142] [info] Price History Size: 10
[2025-01-05 12:45:11.690] [info] Current RSI: 50
[2025-01-05 12:45:11.690] [info] Price Update - Bid: 98355, Ask: 98373, Mid: 98364
[2025-01-05 12:45:11.690] [info] Price History Size: 10
[2025-01-05 12:45:12.279] [info] Current RSI: 50
[2025-01-05 12:45:12.279] [info] Price Update - Bid: 98355, Ask: 98373, Mid: 98364
[2025-01-05 12:45:12.279] [info] Price History Size: 10
[2025-01-05 12:45:12.837] [info] Current RSI: 50
[2025-01-05 12:45:12.837] [info] Price Update - Bid: 98355, Ask: 98373, Mid: 98364
[2025-01-05 12:45:12.837] [info] Price History Size: 10
[2025-01-05 12:45:13.395] [info] Current RSI: 50
[2025-01-05 12:45:13.395] [info] Price Update - Bid: 98355, Ask: 98373, Mid: 98364
[2025-01-05 12:45:13.395] [info] Price History Size: 10
[2025-01-05 12:45:13.964] [info] Current RSI: 50
[2025-01-05 12:45:13.964] [info] Price Update - Bid: 98355, Ask: 98373, Mid: 98364
[2025-01-05 12:45:13.964] [info] Price History Size: 10
[2025-01-05 12:45:14.591] [info] Current RSI: 50
[2025-01-05 12:45:14.591] [info] Price Update - Bid: 98355, Ask: 98373, Mid: 98364
[2025-01-05 12:45:14.591] [info] Price History Size: 10
[2025-01-05 12:45:15.229] [info] Current RSI: 50
[2025-01-05 12:45:15.229] [info] Price Update - Bid: 98355, Ask: 98373, Mid: 98364
[2025-01-05 12:45:15.229] [info] Price History Size: 10
[2025-01-05 12:45:15.794] [info] Current RSI: 50
[2025-01-05 12:45:15.794] [info] Price Update - Bid: 98355, Ask: 98373, Mid: 98364
[2025-01-05 12:45:15.794] [info] Price History Size: 10
[2025-01-05 12:45:16.556] [info] Current RSI: 50
[2025-01-05 12:45:16.556] [info] Price Update - Bid: 98355, Ask: 98373, Mid: 98364
[2025-01-05 12:45:16.556] [info] Price History Size: 10
[2025-01-05 12:45:17.287] [info] Current RSI: 50
[2025-01-05 12:45:17.287] [info] Price Update - Bid: 98355, Ask: 98373, Mid: 98364
[2025-01-05 12:45:17.287] [info] Price History Size: 10
[2025-01-05 12:45:17.837] [info] Current RSI: 50
[2025-01-05 12:45:17.837] [info] Price Update - Bid: 98355, Ask: 98373, Mid: 98364
[2025-01-05 12:45:17.838] [info] Price History Size: 10
[2025-01-05 12:45:18.702] [info] Current RSI: 50
[2025-01-05 12:45:18.702] [info] Price Update - Bid: 98355, Ask: 98373, Mid: 98364
[2025-01-05 12:45:18.702] [info] Price History Size: 10
[2025-01-05 12:45:19.259] [info] Current RSI: 50
[2025-01-05 12:45:19.259] [info] Price Update - Bid: 98355, Ask: 98373, Mid: 98364
[2025-01-05 12:45:19.259] [info] Price History Size: 10
[2025-01-05 12:45:19.973] [info] Current RSI: 50
[2025-01-05 12:45:19.973] [info] Price Update - Bid: 98355, Ask: 98373, Mid: 98364
[2025-01-05 12:45:19.973] [info] Price History Size: 10
[2025-01-05 12:45:20.607] [info] Current RSI: 50
[2025-01-05 12:45:20.607] [info] Price Update - Bid: 98355, Ask: 98373, Mid: 98364
[2025-01-05 12:45:20.607] [info] Price History Size: 10
[2025-01-05 12:45:21.173] [info] Current RSI: 50
[2025-01-05 12:45:21.173] [info] Price Update - Bid: 98355, Ask: 98373, Mid: 98364
[2025-01-05 12:45:21.173] [info] Price History Size: 10
[2025-01-05 12:45:21.824] [info] Current RSI: 50
[2025-01-05 12:45:21.824] [info] Price Update - Bid: 98355, Ask: 98373, Mid: 98364
[2025-01-05 12:45:21.824] [info] Price History Size: 10
[2025-01-05 12:45:22.401] [info] Current RSI: 50
[2025-01-05 12:45:22.401] [info] Price Update - Bid: 98355, Ask: 98373, Mid: 98364
[2025-01-05 12:45:22.401] [info] Price History Size: 10
[2025-01-05 12:45:22.513] [info] Trading strategy updated to: 0
[2025-01-05 12:45:22.513] [info] Risk level updated to: 2
[2025-01-05 12:45:22.978] [info] Insufficient price history. Current size: 1
[2025-01-05 12:45:22.978] [info] Price Update - Bid: 98355, Ask: 98373, Mid: 98364
[2025-01-05 12:45:22.978] [info] Price History Size: 1
[2025-01-05 12:45:23.577] [info] Insufficient price history. Current size: 2
[2025-01-05 12:45:23.577] [info] Price Update - Bid: 98355, Ask: 98373, Mid: 98364
[2025-01-05 12:45:23.577] [info] Price History Size: 2
[2025-01-05 12:45:24.148] [info] Insufficient price history. Current size: 3
[2025-01-05 12:45:24.148] [info] Price Update - Bid: 98355, Ask: 98373, Mid: 98364
[2025-01-05 12:45:24.148] [info] Price History Size: 3
[2025-01-05 12:45:24.796] [info] Insufficient price history. Current size: 4
[2025-01-05 12:45:24.796] [info] Price Update - Bid: 98355, Ask: 98373, Mid: 98364
[2025-01-05 12:45:24.796] [info] Price History Size: 4
[2025-01-05 12:45:25.534] [info] Insufficient price history. Current size: 5
[2025-01-05 12:45:25.534] [info] Price Update - Bid: 98355, Ask: 98373, Mid: 98364
[2025-01-05 12:45:25.534] [info] Price History Size: 5
[2025-01-05 12:45:26.179] [info] Insufficient price history. Current size: 6
[2025-01-05 12:45:26.179] [info] Price Update - Bid: 98355, Ask: 98373, Mid: 98364
[2025-01-05 12:45:26.179] [info] Price History Size: 6
[2025-01-05 12:45:26.735] [info] Insufficient price history. Current size: 7
[2025-01-05 12:45:26.735] [info] Price Update - Bid: 98355, Ask: 98373, Mid: 98364
[2025-01-05 12:45:26.735] [info] Price History Size: 7
[2025-01-05 12:45:27.287] [info] Insufficient price history. Current size: 8
[2025-01-05 12:45:27.287] [info] Price Update - Bid: 98355, Ask: 98373, Mid: 98364
[2025-01-05 12:45:27.287] [info] Price History Size: 8
[2025-01-05 12:45:28.075] [info] Insufficient price history. Current size: 9
[2025-01-05 12:45:28.075] [info] Price Update - Bid: 98355, Ask: 98373, Mid: 98364
[2025-01-05 12:45:28.075] [info] Price History Size: 9
[2025-01-05 12:45:28.634] [info] Current RSI: 50
[2025-01-05 12:45:28.634] [info] Price Update - Bid: 98355, Ask: 98373, Mid: 98364
[2025-01-05 12:45:28.634] [info] Price History Size: 10
[2025-01-05 12:45:29.390] [info] Current RSI: 50
[2025-01-05 12:45:29.390] [info] Price Update - Bid: 98355, Ask: 98373, Mid: 98364
[2025-01-05 12:45:29.390] [info] Price History Size: 10
[2025-01-05 12:45:30.025] [info] Current RSI: 50
[2025-01-05 12:45:30.025] [info] Price Update - Bid: 98355, Ask: 98373, Mid: 98364
[2025-01-05 12:45:30.025] [info] Price History Size: 10
[2025-01-05 12:45:30.623] [info] Current RSI: 50
[2025-01-05 12:45:30.623] [info] Price Update - Bid: 98355, Ask: 98373, Mid: 98364
[2025-01-05 12:45:30.624] [info] Price History Size: 10
